<?xml version="1.0" encoding="UTF-8"?>
<!-- Generated by org.testng.reporters.JUnitXMLReporter -->
<testsuite ignored="0" hostname="wws-cpu-202308-05" failures="0" tests="4" name="Default test" time="180.354" errors="0" timestamp="2024-04-18T16:30:20 IST">
  <testcase classname="testcase_customer.Customerside_Link" name="heddersection_Linkcount_LinkPath" time="19.913"/>
  <testcase classname="testcase_customer.Customerside_Link" name="footersection_Linkcount_LinkPath" time="6.379"/>
  <testcase classname="testcase_customer.Customerside_Link" name="Lust_List" time="44.419"/>
  <testcase classname="testcase_customer.Customerside_Link" name="category_section" time="29.754"/>
</testsuite> <!-- Default test -->
