<?xml version="1.0" encoding="UTF-8"?>
<testng-results ignored="0" total="4" passed="4" failed="0" skipped="0">
  <reporter-output>
  </reporter-output>
  <suite started-at="2024-04-18T16:27:20 IST" name="Default suite" finished-at="2024-04-18T16:30:20 IST" duration-ms="180354">
    <groups>
    </groups>
    <test started-at="2024-04-18T16:27:20 IST" name="Default test" finished-at="2024-04-18T16:30:20 IST" duration-ms="180354">
      <class name="testcase_customer.Customerside_Link">
        <test-method is-config="true" signature="setup()[pri:0, instance:testcase_customer.Customerside_Link@4681c175]" started-at="2024-04-18T16:27:20 IST" name="setup" finished-at="2024-04-18T16:28:31 IST" duration-ms="71695" status="PASS">
          <reporter-output>
          </reporter-output>
        </test-method> <!-- setup -->
        <test-method signature="heddersection_Linkcount_LinkPath()[pri:0, instance:testcase_customer.Customerside_Link@4681c175]" started-at="2024-04-18T16:28:31 IST" name="heddersection_Linkcount_LinkPath" finished-at="2024-04-18T16:28:51 IST" duration-ms="19913" status="PASS">
          <reporter-output>
          </reporter-output>
        </test-method> <!-- heddersection_Linkcount_LinkPath -->
        <test-method is-config="true" signature="screenshot(org.testng.ITestResult)[pri:0, instance:testcase_customer.Customerside_Link@4681c175]" started-at="2024-04-18T16:28:51 IST" name="screenshot" finished-at="2024-04-18T16:28:53 IST" duration-ms="2003" status="PASS">
          <params>
            <param index="0">
              <value>
                <![CDATA[[TestResult name=heddersection_Linkcount_LinkPath status=SUCCESS method=Customerside_Link.heddersection_Linkcount_LinkPath()[pri:0, instance:testcase_customer.Customerside_Link@4681c175] output={null}]]]>
              </value>
            </param>
          </params>
          <reporter-output>
          </reporter-output>
        </test-method> <!-- screenshot -->
        <test-method signature="footersection_Linkcount_LinkPath()[pri:1, instance:testcase_customer.Customerside_Link@4681c175]" started-at="2024-04-18T16:28:53 IST" name="footersection_Linkcount_LinkPath" finished-at="2024-04-18T16:29:00 IST" duration-ms="6379" status="PASS">
          <reporter-output>
          </reporter-output>
        </test-method> <!-- footersection_Linkcount_LinkPath -->
        <test-method is-config="true" signature="screenshot(org.testng.ITestResult)[pri:0, instance:testcase_customer.Customerside_Link@4681c175]" started-at="2024-04-18T16:29:00 IST" name="screenshot" finished-at="2024-04-18T16:29:02 IST" duration-ms="2001" status="PASS">
          <params>
            <param index="0">
              <value>
                <![CDATA[[TestResult name=footersection_Linkcount_LinkPath status=SUCCESS method=Customerside_Link.footersection_Linkcount_LinkPath()[pri:1, instance:testcase_customer.Customerside_Link@4681c175] output={null}]]]>
              </value>
            </param>
          </params>
          <reporter-output>
          </reporter-output>
        </test-method> <!-- screenshot -->
        <test-method signature="Lust_List()[pri:2, instance:testcase_customer.Customerside_Link@4681c175]" started-at="2024-04-18T16:29:02 IST" name="Lust_List" finished-at="2024-04-18T16:29:46 IST" duration-ms="44419" status="PASS">
          <reporter-output>
          </reporter-output>
        </test-method> <!-- Lust_List -->
        <test-method is-config="true" signature="screenshot(org.testng.ITestResult)[pri:0, instance:testcase_customer.Customerside_Link@4681c175]" started-at="2024-04-18T16:29:46 IST" name="screenshot" finished-at="2024-04-18T16:29:48 IST" duration-ms="2001" status="PASS">
          <params>
            <param index="0">
              <value>
                <![CDATA[[TestResult name=Lust_List status=SUCCESS method=Customerside_Link.Lust_List()[pri:2, instance:testcase_customer.Customerside_Link@4681c175] output={null}]]]>
              </value>
            </param>
          </params>
          <reporter-output>
          </reporter-output>
        </test-method> <!-- screenshot -->
        <test-method signature="category_section()[pri:3, instance:testcase_customer.Customerside_Link@4681c175]" started-at="2024-04-18T16:29:48 IST" name="category_section" finished-at="2024-04-18T16:30:18 IST" duration-ms="29754" status="PASS">
          <reporter-output>
          </reporter-output>
        </test-method> <!-- category_section -->
        <test-method is-config="true" signature="screenshot(org.testng.ITestResult)[pri:0, instance:testcase_customer.Customerside_Link@4681c175]" started-at="2024-04-18T16:30:18 IST" name="screenshot" finished-at="2024-04-18T16:30:20 IST" duration-ms="2001" status="PASS">
          <params>
            <param index="0">
              <value>
                <![CDATA[[TestResult name=category_section status=SUCCESS method=Customerside_Link.category_section()[pri:3, instance:testcase_customer.Customerside_Link@4681c175] output={null}]]]>
              </value>
            </param>
          </params>
          <reporter-output>
          </reporter-output>
        </test-method> <!-- screenshot -->
        <test-method is-config="true" signature="tearDown()[pri:0, instance:testcase_customer.Customerside_Link@4681c175]" started-at="2024-04-18T16:30:20 IST" name="tearDown" finished-at="2024-04-18T16:30:20 IST" duration-ms="113" status="PASS">
          <reporter-output>
          </reporter-output>
        </test-method> <!-- tearDown -->
      </class> <!-- testcase_customer.Customerside_Link -->
    </test> <!-- Default test -->
  </suite> <!-- Default suite -->
</testng-results>
